# JRE version: OpenJDK Runtime Environment Temurin-21.0.10+7 (21.0.10+7) (build 21.0.10+7-LTS)
# Java VM: OpenJDK 64-Bit Server VM Temurin-21.0.10+7 (21.0.10+7-LTS, mixed mode, sharing, tiered, compressed oops, compressed class ptrs, parallel gc, windows-amd64)
GC Precious Log:
 CardTable entry size: 512
 CPUs: 4 total, 4 available
 Memory: 3534M
 Large Page Support: Disabled
 NUMA Support: Disabled
 Compressed Oops: Enabled (32-bit)
 Alignments: Space 512K, Generation 512K, Heap 2M
 Heap Min Capacity: 100M
 Heap Initial Capacity: 100M
 Heap Max Capacity: 2G
 Pre-touch: Disabled
 Parallel Workers: 4
Heap:
 PSYoungGen      total 13312K, used 558K [0x00000000d5580000, 0x00000000d6380000, 0x0000000100000000)
  eden space 12800K, 1% used [0x00000000d5580000,0x00000000d55b3b60,0x00000000d6200000)
  from space 512K, 68% used [0x00000000d6300000,0x00000000d6358040,0x00000000d6380000)
  to   space 512K, 0% used [0x00000000d6280000,0x00000000d6280000,0x00000000d6300000)
 ParOldGen       total 133120K, used 129986K [0x0000000080000000, 0x0000000088200000, 0x00000000d5580000)
  object space 133120K, 97% used [0x0000000080000000,0x0000000087ef0868,0x0000000088200000)
 Metaspace       used 67080K, committed 68544K, reserved 1114112K
  class space    used 7205K, committed 7808K, reserved 1048576K
GC Heap History (20 events):
Event: 169.135 GC heap before
{Heap before GC invocations=84 (full 3):
 PSYoungGen      total 15360K, used 14896K [0x00000000d5580000, 0x00000000d6600000, 0x0000000100000000)
  eden space 13824K, 100% used [0x00000000d5580000,0x00000000d6300000,0x00000000d6300000)
  from space 1536K, 69% used [0x00000000d6480000,0x00000000d658c010,0x00000000d6600000)
  to   space 1536K, 0% used [0x00000000d6300000,0x00000000d6300000,0x00000000d6480000)
 ParOldGen       total 69632K, used 63253K [0x0000000080000000, 0x0000000084400000, 0x00000000d5580000)
  object space 69632K, 90% used [0x0000000080000000,0x0000000083dc56a0,0x0000000084400000)
 Metaspace       used 61001K, committed 62336K, reserved 1114112K
  class space    used 6572K, committed 7168K, reserved 1048576K
}
Event: 169.141 GC heap after
{Heap after GC invocations=84 (full 3):
 PSYoungGen      total 14848K, used 640K [0x00000000d5580000, 0x00000000d6500000, 0x0000000100000000)
  eden space 13824K, 0% used [0x00000000d5580000,0x00000000d5580000,0x00000000d6300000)
  from space 1024K, 62% used [0x00000000d6300000,0x00000000d63a0000,0x00000000d6400000)
  to   space 1024K, 0% used [0x00000000d6400000,0x00000000d6400000,0x00000000d6500000)
 ParOldGen       total 69632K, used 64245K [0x0000000080000000, 0x0000000084400000, 0x00000000d5580000)
  object space 69632K, 92% used [0x0000000080000000,0x0000000083ebd6b0,0x0000000084400000)
 Metaspace       used 61001K, committed 62336K, reserved 1114112K
  class space    used 6572K, committed 7168K, reserved 1048576K
}
Event: 169.817 GC heap before
{Heap before GC invocations=85 (full 3):
 PSYoungGen      total 14848K, used 14464K [0x00000000d5580000, 0x00000000d6500000, 0x0000000100000000)
  eden space 13824K, 100% used [0x00000000d5580000,0x00000000d6300000,0x00000000d6300000)
  from space 1024K, 62% used [0x00000000d6300000,0x00000000d63a0000,0x00000000d6400000)
  to   space 1024K, 0% used [0x00000000d6400000,0x00000000d6400000,0x00000000d6500000)
 ParOldGen       total 69632K, used 64245K [0x0000000080000000, 0x0000000084400000, 0x00000000d5580000)
  object space 69632K, 92% used [0x0000000080000000,0x0000000083ebd6b0,0x0000000084400000)
 Metaspace       used 61515K, committed 62848K, reserved 1114112K
  class space    used 6644K, committed 7232K, reserved 1048576K
}
Event: 169.820 GC heap after
{Heap after GC invocations=85 (full 3):
 PSYoungGen      total 14336K, used 328K [0x00000000d5580000, 0x00000000d6480000, 0x0000000100000000)
  eden space 13824K, 0% used [0x00000000d5580000,0x00000000d5580000,0x00000000d6300000)
  from space 512K, 64% used [0x00000000d6400000,0x00000000d6452010,0x00000000d6480000)
  to   space 512K, 0% used [0x00000000d6380000,0x00000000d6380000,0x00000000d6400000)
 ParOldGen       total 69632K, used 64805K [0x0000000080000000, 0x0000000084400000, 0x00000000d5580000)
  object space 69632K, 93% used [0x0000000080000000,0x0000000083f496b0,0x0000000084400000)
 Metaspace       used 61515K, committed 62848K, reserved 1114112K
  class space    used 6644K, committed 7232K, reserved 1048576K
}
Event: 170.363 GC heap before
{Heap before GC invocations=86 (full 3):
 PSYoungGen      total 14336K, used 14152K [0x00000000d5580000, 0x00000000d6480000, 0x0000000100000000)
  eden space 13824K, 100% used [0x00000000d5580000,0x00000000d6300000,0x00000000d6300000)
  from space 512K, 64% used [0x00000000d6400000,0x00000000d6452010,0x00000000d6480000)
  to   space 512K, 0% used [0x00000000d6380000,0x00000000d6380000,0x00000000d6400000)
 ParOldGen       total 69632K, used 64805K [0x0000000080000000, 0x0000000084400000, 0x00000000d5580000)
  object space 69632K, 93% used [0x0000000080000000,0x0000000083f496b0,0x0000000084400000)
 Metaspace       used 62388K, committed 63680K, reserved 1114112K
  class space    used 6727K, committed 7296K, reserved 1048576K
}
Event: 170.364 GC heap after
{Heap after GC invocations=86 (full 3):
 PSYoungGen      total 14336K, used 256K [0x00000000d5580000, 0x00000000d6480000, 0x0000000100000000)
  eden space 13824K, 0% used [0x00000000d5580000,0x00000000d5580000,0x00000000d6300000)
  from space 512K, 50% used [0x00000000d6380000,0x00000000d63c0000,0x00000000d6400000)
  to   space 512K, 0% used [0x00000000d6400000,0x00000000d6400000,0x00000000d6480000)
 ParOldGen       total 69632K, used 64973K [0x0000000080000000, 0x0000000084400000, 0x00000000d5580000)
  object space 69632K, 93% used [0x0000000080000000,0x0000000083f736b0,0x0000000084400000)
 Metaspace       used 62388K, committed 63680K, reserved 1114112K
  class space    used 6727K, committed 7296K, reserved 1048576K
}
Event: 175.390 GC heap before
{Heap before GC invocations=87 (full 3):
 PSYoungGen      total 14336K, used 14072K [0x00000000d5580000, 0x00000000d6480000, 0x0000000100000000)
  eden space 13824K, 99% used [0x00000000d5580000,0x00000000d62fe3f8,0x00000000d6300000)
  from space 512K, 50% used [0x00000000d6380000,0x00000000d63c0000,0x00000000d6400000)
  to   space 512K, 0% used [0x00000000d6400000,0x00000000d6400000,0x00000000d6480000)
 ParOldGen       total 69632K, used 64973K [0x0000000080000000, 0x0000000084400000, 0x00000000d5580000)
  object space 69632K, 93% used [0x0000000080000000,0x0000000083f736b0,0x0000000084400000)
 Metaspace       used 64242K, committed 65664K, reserved 1114112K
  class space    used 6937K, committed 7552K, reserved 1048576K
}
Event: 175.394 GC heap after
{Heap after GC invocations=87 (full 3):
 PSYoungGen      total 13312K, used 487K [0x00000000d5580000, 0x00000000d6700000, 0x0000000100000000)
  eden space 12800K, 0% used [0x00000000d5580000,0x00000000d5580000,0x00000000d6200000)
  from space 512K, 95% used [0x00000000d6400000,0x00000000d6479d80,0x00000000d6480000)
  to   space 2048K, 0% used [0x00000000d6200000,0x00000000d6200000,0x00000000d6400000)
 ParOldGen       total 69632K, used 65957K [0x0000000080000000, 0x0000000084400000, 0x00000000d5580000)
  object space 69632K, 94% used [0x0000000080000000,0x0000000084069438,0x0000000084400000)
 Metaspace       used 64242K, committed 65664K, reserved 1114112K
  class space    used 6937K, committed 7552K, reserved 1048576K
}
Event: 182.350 GC heap before
{Heap before GC invocations=88 (full 3):
 PSYoungGen      total 13312K, used 13287K [0x00000000d5580000, 0x00000000d6700000, 0x0000000100000000)
  eden space 12800K, 100% used [0x00000000d5580000,0x00000000d6200000,0x00000000d6200000)
  from space 512K, 95% used [0x00000000d6400000,0x00000000d6479d80,0x00000000d6480000)
  to   space 2048K, 0% used [0x00000000d6200000,0x00000000d6200000,0x00000000d6400000)
 ParOldGen       total 69632K, used 65957K [0x0000000080000000, 0x0000000084400000, 0x00000000d5580000)
  object space 69632K, 94% used [0x0000000080000000,0x0000000084069438,0x0000000084400000)
 Metaspace       used 65291K, committed 66688K, reserved 1114112K
  class space    used 7057K, committed 7616K, reserved 1048576K
}
Event: 182.357 GC heap after
{Heap after GC invocations=88 (full 3):
 PSYoungGen      total 13824K, used 889K [0x00000000d5580000, 0x00000000d6500000, 0x0000000100000000)
  eden space 12800K, 0% used [0x00000000d5580000,0x00000000d5580000,0x00000000d6200000)
  from space 1024K, 86% used [0x00000000d6200000,0x00000000d62de490,0x00000000d6300000)
  to   space 1536K, 0% used [0x00000000d6380000,0x00000000d6380000,0x00000000d6500000)
 ParOldGen       total 69632K, used 66436K [0x0000000080000000, 0x0000000084400000, 0x00000000d5580000)
  object space 69632K, 95% used [0x0000000080000000,0x00000000840e1368,0x0000000084400000)
 Metaspace       used 65291K, committed 66688K, reserved 1114112K
  class space    used 7057K, committed 7616K, reserved 1048576K
}
Event: 188.330 GC heap before
{Heap before GC invocations=89 (full 3):
 PSYoungGen      total 13824K, used 13689K [0x00000000d5580000, 0x00000000d6500000, 0x0000000100000000)
  eden space 12800K, 100% used [0x00000000d5580000,0x00000000d6200000,0x00000000d6200000)
  from space 1024K, 86% used [0x00000000d6200000,0x00000000d62de490,0x00000000d6300000)
  to   space 1536K, 0% used [0x00000000d6380000,0x00000000d6380000,0x00000000d6500000)
 ParOldGen       total 69632K, used 66436K [0x0000000080000000, 0x0000000084400000, 0x00000000d5580000)
  object space 69632K, 95% used [0x0000000080000000,0x00000000840e1368,0x0000000084400000)
 Metaspace       used 65631K, committed 67136K, reserved 1114112K
  class space    used 7098K, committed 7744K, reserved 1048576K
}
Event: 188.337 GC heap after
{Heap after GC invocations=89 (full 3):
 PSYoungGen      total 13824K, used 864K [0x00000000d5580000, 0x00000000d6480000, 0x0000000100000000)
  eden space 12800K, 0% used [0x00000000d5580000,0x00000000d5580000,0x00000000d6200000)
  from space 1024K, 84% used [0x00000000d6380000,0x00000000d6458000,0x00000000d6480000)
  to   space 1024K, 0% used [0x00000000d6200000,0x00000000d6200000,0x00000000d6300000)
 ParOldGen       total 69632K, used 67262K [0x0000000080000000, 0x0000000084400000, 0x00000000d5580000)
  object space 69632K, 96% used [0x0000000080000000,0x00000000841af808,0x0000000084400000)
 Metaspace       used 65631K, committed 67136K, reserved 1114112K
  class space    used 7098K, committed 7744K, reserved 1048576K
}
Event: 217.836 GC heap before
{Heap before GC invocations=90 (full 3):
 PSYoungGen      total 13824K, used 13664K [0x00000000d5580000, 0x00000000d6480000, 0x0000000100000000)
  eden space 12800K, 100% used [0x00000000d5580000,0x00000000d6200000,0x00000000d6200000)
  from space 1024K, 84% used [0x00000000d6380000,0x00000000d6458000,0x00000000d6480000)
  to   space 1024K, 0% used [0x00000000d6200000,0x00000000d6200000,0x00000000d6300000)
 ParOldGen       total 133120K, used 128702K [0x0000000080000000, 0x0000000088200000, 0x00000000d5580000)
  object space 133120K, 96% used [0x0000000080000000,0x0000000087daf868,0x0000000088200000)
 Metaspace       used 66432K, committed 67904K, reserved 1114112K
  class space    used 7173K, committed 7808K, reserved 1048576K
}
Event: 217.881 GC heap after
{Heap after GC invocations=90 (full 3):
 PSYoungGen      total 13824K, used 538K [0x00000000d5580000, 0x00000000d6400000, 0x0000000100000000)
  eden space 12800K, 0% used [0x00000000d5580000,0x00000000d5580000,0x00000000d6200000)
  from space 1024K, 52% used [0x00000000d6200000,0x00000000d62868c8,0x00000000d6300000)
  to   space 1024K, 0% used [0x00000000d6300000,0x00000000d6300000,0x00000000d6400000)
 ParOldGen       total 133120K, used 129454K [0x0000000080000000, 0x0000000088200000, 0x00000000d5580000)
  object space 133120K, 97% used [0x0000000080000000,0x0000000087e6b868,0x0000000088200000)
 Metaspace       used 66432K, committed 67904K, reserved 1114112K
  class space    used 7173K, committed 7808K, reserved 1048576K
}
Event: 1371.677 GC heap before
{Heap before GC invocations=91 (full 3):
 PSYoungGen      total 13824K, used 13338K [0x00000000d5580000, 0x00000000d6400000, 0x0000000100000000)
  eden space 12800K, 100% used [0x00000000d5580000,0x00000000d6200000,0x00000000d6200000)
  from space 1024K, 52% used [0x00000000d6200000,0x00000000d62868c8,0x00000000d6300000)
  to   space 1024K, 0% used [0x00000000d6300000,0x00000000d6300000,0x00000000d6400000)
 ParOldGen       total 133120K, used 129454K [0x0000000080000000, 0x0000000088200000, 0x00000000d5580000)
  object space 133120K, 97% used [0x0000000080000000,0x0000000087e6b868,0x0000000088200000)
 Metaspace       used 66888K, committed 68352K, reserved 1114112K
  class space    used 7203K, committed 7808K, reserved 1048576K
}
Event: 1371.800 GC heap after
{Heap after GC invocations=91 (full 3):
 PSYoungGen      total 13312K, used 352K [0x00000000d5580000, 0x00000000d6380000, 0x0000000100000000)
  eden space 12800K, 0% used [0x00000000d5580000,0x00000000d5580000,0x00000000d6200000)
  from space 512K, 68% used [0x00000000d6300000,0x00000000d6358000,0x00000000d6380000)
  to   space 512K, 0% used [0x00000000d6280000,0x00000000d6280000,0x00000000d6300000)
 ParOldGen       total 133120K, used 129826K [0x0000000080000000, 0x0000000088200000, 0x00000000d5580000)
  object space 133120K, 97% used [0x0000000080000000,0x0000000087ec8868,0x0000000088200000)
 Metaspace       used 66888K, committed 68352K, reserved 1114112K
  class space    used 7203K, committed 7808K, reserved 1048576K
}
Event: 1533.725 GC heap before
{Heap before GC invocations=92 (full 3):
 PSYoungGen      total 13312K, used 13152K [0x00000000d5580000, 0x00000000d6380000, 0x0000000100000000)
  eden space 12800K, 100% used [0x00000000d5580000,0x00000000d6200000,0x00000000d6200000)
  from space 512K, 68% used [0x00000000d6300000,0x00000000d6358000,0x00000000d6380000)
  to   space 512K, 0% used [0x00000000d6280000,0x00000000d6280000,0x00000000d6300000)
 ParOldGen       total 133120K, used 129826K [0x0000000080000000, 0x0000000088200000, 0x00000000d5580000)
  object space 133120K, 97% used [0x0000000080000000,0x0000000087ec8868,0x0000000088200000)
 Metaspace       used 66985K, committed 68416K, reserved 1114112K
  class space    used 7205K, committed 7808K, reserved 1048576K
}
Event: 1533.781 GC heap after
{Heap after GC invocations=92 (full 3):
 PSYoungGen      total 13312K, used 160K [0x00000000d5580000, 0x00000000d6380000, 0x0000000100000000)
  eden space 12800K, 0% used [0x00000000d5580000,0x00000000d5580000,0x00000000d6200000)
  from space 512K, 31% used [0x00000000d6280000,0x00000000d62a8000,0x00000000d6300000)
  to   space 512K, 0% used [0x00000000d6300000,0x00000000d6300000,0x00000000d6380000)
 ParOldGen       total 133120K, used 129946K [0x0000000080000000, 0x0000000088200000, 0x00000000d5580000)
  object space 133120K, 97% used [0x0000000080000000,0x0000000087ee6868,0x0000000088200000)
 Metaspace       used 66985K, committed 68416K, reserved 1114112K
  class space    used 7205K, committed 7808K, reserved 1048576K
}
Event: 1968.963 GC heap before
{Heap before GC invocations=93 (full 3):
 PSYoungGen      total 13312K, used 12960K [0x00000000d5580000, 0x00000000d6380000, 0x0000000100000000)
  eden space 12800K, 100% used [0x00000000d5580000,0x00000000d6200000,0x00000000d6200000)
  from space 512K, 31% used [0x00000000d6280000,0x00000000d62a8000,0x00000000d6300000)
  to   space 512K, 0% used [0x00000000d6300000,0x00000000d6300000,0x00000000d6380000)
 ParOldGen       total 133120K, used 129946K [0x0000000080000000, 0x0000000088200000, 0x00000000d5580000)
  object space 133120K, 97% used [0x0000000080000000,0x0000000087ee6868,0x0000000088200000)
 Metaspace       used 67075K, committed 68544K, reserved 1114112K
  class space    used 7205K, committed 7808K, reserved 1048576K
}
Event: 1969.076 GC heap after
{Heap after GC invocations=93 (full 3):
 PSYoungGen      total 13312K, used 352K [0x00000000d5580000, 0x00000000d6380000, 0x0000000100000000)
  eden space 12800K, 0% used [0x00000000d5580000,0x00000000d5580000,0x00000000d6200000)
  from space 512K, 68% used [0x00000000d6300000,0x00000000d6358040,0x00000000d6380000)
  to   space 512K, 0% used [0x00000000d6280000,0x00000000d6280000,0x00000000d6300000)
 ParOldGen       total 133120K, used 129986K [0x0000000080000000, 0x0000000088200000, 0x00000000d5580000)
  object space 133120K, 97% used [0x0000000080000000,0x0000000087ef0868,0x0000000088200000)
 Metaspace       used 67075K, committed 68544K, reserved 1114112K
  class space    used 7205K, committed 7808K, reserved 1048576K
}

