# JRE version: OpenJDK Runtime Environment Microsoft-11933218 (21.0.8+9) (build 21.0.8+9-LTS)
# Java VM: OpenJDK 64-Bit Server VM Microsoft-11933218 (21.0.8+9-LTS, mixed mode, sharing, tiered, compressed oops, compressed class ptrs, g1 gc, windows-amd64)
GC Precious Log:
 CardTable entry size: 512
 Card Set container configuration: InlinePtr #cards 5 size 8 Array Of Cards #cards 12 size 40 Howl #buckets 4 coarsen threshold 1843 Howl Bitmap #cards 512 size 80 coarsen threshold 460 Card regions per heap region 1 cards per card region 2048
 CPUs: 4 total, 4 available
 Memory: 3534M
 Large Page Support: Disabled
 NUMA Support: Disabled
 Compressed Oops: Enabled (32-bit)
 Heap Region Size: 1M
 Heap Min Capacity: 8M
 Heap Initial Capacity: 56M
 Heap Max Capacity: 884M
 Pre-touch: Disabled
 Parallel Workers: 4
 Concurrent Workers: 1
 Concurrent Refinement Workers: 4
 Periodic GC: Disabled
Heap:
 garbage-first heap   total 51200K, used 41486K [0x00000000c8c00000, 0x0000000100000000)
  region size 1024K, 12 young (12288K), 2 survivors (2048K)
 Metaspace       used 74003K, committed 74688K, reserved 1114112K
  class space    used 10397K, committed 10688K, reserved 1048576K
GC Heap History (20 events):
Event: 16.192 GC heap before
{Heap before GC invocations=10 (full 0):
 garbage-first heap   total 51200K, used 43388K [0x00000000c8c00000, 0x0000000100000000)
  region size 1024K, 24 young (24576K), 1 survivors (1024K)
 Metaspace       used 42325K, committed 42880K, reserved 1114112K
  class space    used 5649K, committed 5888K, reserved 1048576K
}
Event: 16.197 GC heap after
{Heap after GC invocations=11 (full 0):
 garbage-first heap   total 51200K, used 21542K [0x00000000c8c00000, 0x0000000100000000)
  region size 1024K, 3 young (3072K), 3 survivors (3072K)
 Metaspace       used 42325K, committed 42880K, reserved 1114112K
  class space    used 5649K, committed 5888K, reserved 1048576K
}
Event: 17.179 GC heap before
{Heap before GC invocations=11 (full 0):
 garbage-first heap   total 51200K, used 43046K [0x00000000c8c00000, 0x0000000100000000)
  region size 1024K, 25 young (25600K), 3 survivors (3072K)
 Metaspace       used 49246K, committed 49856K, reserved 1114112K
  class space    used 6649K, committed 6912K, reserved 1048576K
}
Event: 17.189 GC heap after
{Heap after GC invocations=12 (full 0):
 garbage-first heap   total 51200K, used 22869K [0x00000000c8c00000, 0x0000000100000000)
  region size 1024K, 4 young (4096K), 4 survivors (4096K)
 Metaspace       used 49246K, committed 49856K, reserved 1114112K
  class space    used 6649K, committed 6912K, reserved 1048576K
}
Event: 18.359 GC heap before
{Heap before GC invocations=12 (full 0):
 garbage-first heap   total 51200K, used 42325K [0x00000000c8c00000, 0x0000000100000000)
  region size 1024K, 23 young (23552K), 4 survivors (4096K)
 Metaspace       used 54691K, committed 55360K, reserved 1114112K
  class space    used 7499K, committed 7808K, reserved 1048576K
}
Event: 18.364 GC heap after
{Heap after GC invocations=13 (full 0):
 garbage-first heap   total 51200K, used 23868K [0x00000000c8c00000, 0x0000000100000000)
  region size 1024K, 3 young (3072K), 3 survivors (3072K)
 Metaspace       used 54691K, committed 55360K, reserved 1114112K
  class space    used 7499K, committed 7808K, reserved 1048576K
}
Event: 19.211 GC heap before
{Heap before GC invocations=13 (full 0):
 garbage-first heap   total 51200K, used 44348K [0x00000000c8c00000, 0x0000000100000000)
  region size 1024K, 23 young (23552K), 3 survivors (3072K)
 Metaspace       used 59215K, committed 59776K, reserved 1114112K
  class space    used 8065K, committed 8320K, reserved 1048576K
}
Event: 19.218 GC heap after
{Heap after GC invocations=14 (full 0):
 garbage-first heap   total 51200K, used 25873K [0x00000000c8c00000, 0x0000000100000000)
  region size 1024K, 3 young (3072K), 3 survivors (3072K)
 Metaspace       used 59215K, committed 59776K, reserved 1114112K
  class space    used 8065K, committed 8320K, reserved 1048576K
}
Event: 19.301 GC heap before
{Heap before GC invocations=14 (full 0):
 garbage-first heap   total 51200K, used 27921K [0x00000000c8c00000, 0x0000000100000000)
  region size 1024K, 6 young (6144K), 3 survivors (3072K)
 Metaspace       used 59876K, committed 60416K, reserved 1114112K
  class space    used 8263K, committed 8512K, reserved 1048576K
}
Event: 19.306 GC heap after
{Heap after GC invocations=15 (full 0):
 garbage-first heap   total 51200K, used 26280K [0x00000000c8c00000, 0x0000000100000000)
  region size 1024K, 1 young (1024K), 1 survivors (1024K)
 Metaspace       used 59876K, committed 60416K, reserved 1114112K
  class space    used 8263K, committed 8512K, reserved 1048576K
}
Event: 19.780 GC heap before
{Heap before GC invocations=16 (full 0):
 garbage-first heap   total 51200K, used 44712K [0x00000000c8c00000, 0x0000000100000000)
  region size 1024K, 20 young (20480K), 1 survivors (1024K)
 Metaspace       used 60909K, committed 61504K, reserved 1114112K
  class space    used 8497K, committed 8768K, reserved 1048576K
}
Event: 19.783 GC heap after
{Heap after GC invocations=17 (full 0):
 garbage-first heap   total 51200K, used 27135K [0x00000000c8c00000, 0x0000000100000000)
  region size 1024K, 2 young (2048K), 2 survivors (2048K)
 Metaspace       used 60909K, committed 61504K, reserved 1114112K
  class space    used 8497K, committed 8768K, reserved 1048576K
}
Event: 20.460 GC heap before
{Heap before GC invocations=17 (full 0):
 garbage-first heap   total 51200K, used 43519K [0x00000000c8c00000, 0x0000000100000000)
  region size 1024K, 19 young (19456K), 2 survivors (2048K)
 Metaspace       used 64130K, committed 64768K, reserved 1114112K
  class space    used 9094K, committed 9344K, reserved 1048576K
}
Event: 20.466 GC heap after
{Heap after GC invocations=18 (full 0):
 garbage-first heap   total 51200K, used 28592K [0x00000000c8c00000, 0x0000000100000000)
  region size 1024K, 3 young (3072K), 3 survivors (3072K)
 Metaspace       used 64130K, committed 64768K, reserved 1114112K
  class space    used 9094K, committed 9344K, reserved 1048576K
}
Event: 21.662 GC heap before
{Heap before GC invocations=18 (full 0):
 garbage-first heap   total 51200K, used 42928K [0x00000000c8c00000, 0x0000000100000000)
  region size 1024K, 18 young (18432K), 3 survivors (3072K)
 Metaspace       used 66681K, committed 67328K, reserved 1114112K
  class space    used 9429K, committed 9728K, reserved 1048576K
}
Event: 21.671 GC heap after
{Heap after GC invocations=19 (full 0):
 garbage-first heap   total 51200K, used 30543K [0x00000000c8c00000, 0x0000000100000000)
  region size 1024K, 2 young (2048K), 2 survivors (2048K)
 Metaspace       used 66681K, committed 67328K, reserved 1114112K
  class space    used 9429K, committed 9728K, reserved 1048576K
}
Event: 521.400 GC heap before
{Heap before GC invocations=20 (full 0):
 garbage-first heap   total 51200K, used 44879K [0x00000000c8c00000, 0x0000000100000000)
  region size 1024K, 17 young (17408K), 2 survivors (2048K)
 Metaspace       used 71182K, committed 71872K, reserved 1114112K
  class space    used 10040K, committed 10368K, reserved 1048576K
}
Event: 521.457 GC heap after
{Heap after GC invocations=21 (full 0):
 garbage-first heap   total 51200K, used 31425K [0x00000000c8c00000, 0x0000000100000000)
  region size 1024K, 2 young (2048K), 2 survivors (2048K)
 Metaspace       used 71182K, committed 71872K, reserved 1114112K
  class space    used 10040K, committed 10368K, reserved 1048576K
}
Event: 3048.575 GC heap before
{Heap before GC invocations=21 (full 0):
 garbage-first heap   total 51200K, used 43713K [0x00000000c8c00000, 0x0000000100000000)
  region size 1024K, 15 young (15360K), 2 survivors (2048K)
 Metaspace       used 73255K, committed 73984K, reserved 1114112K
  class space    used 10307K, committed 10624K, reserved 1048576K
}
Event: 3048.848 GC heap after
{Heap after GC invocations=22 (full 0):
 garbage-first heap   total 51200K, used 32270K [0x00000000c8c00000, 0x0000000100000000)
  region size 1024K, 2 young (2048K), 2 survivors (2048K)
 Metaspace       used 73255K, committed 73984K, reserved 1114112K
  class space    used 10307K, committed 10624K, reserved 1048576K
}

