# JRE version: OpenJDK Runtime Environment Temurin-21.0.10+7 (21.0.10+7) (build 21.0.10+7-LTS)
# Java VM: OpenJDK 64-Bit Server VM Temurin-21.0.10+7 (21.0.10+7-LTS, mixed mode, sharing, tiered, compressed oops, compressed class ptrs, parallel gc, windows-amd64)
GC Precious Log:
 CardTable entry size: 512
 CPUs: 4 total, 4 available
 Memory: 3534M
 Large Page Support: Disabled
 NUMA Support: Disabled
 Compressed Oops: Enabled (32-bit)
 Alignments: Space 512K, Generation 512K, Heap 2M
 Heap Min Capacity: 100M
 Heap Initial Capacity: 100M
 Heap Max Capacity: 2G
 Pre-touch: Disabled
 Parallel Workers: 4
Heap:
 PSYoungGen      total 11776K, used 1016K [0x00000000d5580000, 0x00000000d6200000, 0x0000000100000000)
  eden space 10752K, 4% used [0x00000000d5580000,0x00000000d55efa38,0x00000000d6000000)
  from space 1024K, 55% used [0x00000000d6100000,0x00000000d618e8e8,0x00000000d6200000)
  to   space 1024K, 0% used [0x00000000d6000000,0x00000000d6000000,0x00000000d6100000)
 ParOldGen       total 112128K, used 111020K [0x0000000080000000, 0x0000000086d80000, 0x00000000d5580000)
  object space 112128K, 99% used [0x0000000080000000,0x0000000086c6b3b0,0x0000000086d80000)
 Metaspace       used 59440K, committed 60800K, reserved 1114112K
  class space    used 6352K, committed 6912K, reserved 1048576K
GC Heap History (20 events):
Event: 148.091 GC heap before
{Heap before GC invocations=74 (full 2):
 PSYoungGen      total 11264K, used 10959K [0x00000000d5580000, 0x00000000d6200000, 0x0000000100000000)
  eden space 10752K, 99% used [0x00000000d5580000,0x00000000d5ffbd98,0x00000000d6000000)
  from space 512K, 43% used [0x00000000d6100000,0x00000000d6138000,0x00000000d6180000)
  to   space 512K, 0% used [0x00000000d6180000,0x00000000d6180000,0x00000000d6200000)
 ParOldGen       total 68608K, used 66198K [0x0000000080000000, 0x0000000084300000, 0x00000000d5580000)
  object space 68608K, 96% used [0x0000000080000000,0x00000000840a5968,0x0000000084300000)
 Metaspace       used 53856K, committed 55232K, reserved 1114112K
  class space    used 5767K, committed 6336K, reserved 1048576K
}
Event: 148.095 GC heap after
{Heap after GC invocations=74 (full 2):
 PSYoungGen      total 11264K, used 470K [0x00000000d5580000, 0x00000000d6200000, 0x0000000100000000)
  eden space 10752K, 0% used [0x00000000d5580000,0x00000000d5580000,0x00000000d6000000)
  from space 512K, 91% used [0x00000000d6180000,0x00000000d61f5910,0x00000000d6200000)
  to   space 1024K, 0% used [0x00000000d6000000,0x00000000d6000000,0x00000000d6100000)
 ParOldGen       total 68608K, used 66382K [0x0000000080000000, 0x0000000084300000, 0x00000000d5580000)
  object space 68608K, 96% used [0x0000000080000000,0x00000000840d3968,0x0000000084300000)
 Metaspace       used 53856K, committed 55232K, reserved 1114112K
  class space    used 5767K, committed 6336K, reserved 1048576K
}
Event: 149.927 GC heap before
{Heap before GC invocations=75 (full 2):
 PSYoungGen      total 11264K, used 11222K [0x00000000d5580000, 0x00000000d6200000, 0x0000000100000000)
  eden space 10752K, 100% used [0x00000000d5580000,0x00000000d6000000,0x00000000d6000000)
  from space 512K, 91% used [0x00000000d6180000,0x00000000d61f5910,0x00000000d6200000)
  to   space 1024K, 0% used [0x00000000d6000000,0x00000000d6000000,0x00000000d6100000)
 ParOldGen       total 68608K, used 66382K [0x0000000080000000, 0x0000000084300000, 0x00000000d5580000)
  object space 68608K, 96% used [0x0000000080000000,0x00000000840d3968,0x0000000084300000)
 Metaspace       used 54942K, committed 56384K, reserved 1114112K
  class space    used 5890K, committed 6528K, reserved 1048576K
}
Event: 149.930 GC heap after
{Heap after GC invocations=75 (full 2):
 PSYoungGen      total 11776K, used 363K [0x00000000d5580000, 0x00000000d6200000, 0x0000000100000000)
  eden space 10752K, 0% used [0x00000000d5580000,0x00000000d5580000,0x00000000d6000000)
  from space 1024K, 35% used [0x00000000d6000000,0x00000000d605ae58,0x00000000d6100000)
  to   space 512K, 0% used [0x00000000d6180000,0x00000000d6180000,0x00000000d6200000)
 ParOldGen       total 68608K, used 66705K [0x0000000080000000, 0x0000000084300000, 0x00000000d5580000)
  object space 68608K, 97% used [0x0000000080000000,0x0000000084124648,0x0000000084300000)
 Metaspace       used 54942K, committed 56384K, reserved 1114112K
  class space    used 5890K, committed 6528K, reserved 1048576K
}
Event: 151.807 GC heap before
{Heap before GC invocations=76 (full 2):
 PSYoungGen      total 11776K, used 11115K [0x00000000d5580000, 0x00000000d6200000, 0x0000000100000000)
  eden space 10752K, 100% used [0x00000000d5580000,0x00000000d6000000,0x00000000d6000000)
  from space 1024K, 35% used [0x00000000d6000000,0x00000000d605ae58,0x00000000d6100000)
  to   space 512K, 0% used [0x00000000d6180000,0x00000000d6180000,0x00000000d6200000)
 ParOldGen       total 68608K, used 66705K [0x0000000080000000, 0x0000000084300000, 0x00000000d5580000)
  object space 68608K, 97% used [0x0000000080000000,0x0000000084124648,0x0000000084300000)
 Metaspace       used 55333K, committed 56704K, reserved 1114112K
  class space    used 5947K, committed 6528K, reserved 1048576K
}
Event: 151.812 GC heap after
{Heap after GC invocations=76 (full 2):
 PSYoungGen      total 11264K, used 256K [0x00000000d5580000, 0x00000000d6200000, 0x0000000100000000)
  eden space 10752K, 0% used [0x00000000d5580000,0x00000000d5580000,0x00000000d6000000)
  from space 512K, 50% used [0x00000000d6180000,0x00000000d61c0000,0x00000000d6200000)
  to   space 512K, 0% used [0x00000000d6100000,0x00000000d6100000,0x00000000d6180000)
 ParOldGen       total 68608K, used 67032K [0x0000000080000000, 0x0000000084300000, 0x00000000d5580000)
  object space 68608K, 97% used [0x0000000080000000,0x00000000841763d8,0x0000000084300000)
 Metaspace       used 55333K, committed 56704K, reserved 1114112K
  class space    used 5947K, committed 6528K, reserved 1048576K
}
Event: 153.557 GC heap before
{Heap before GC invocations=77 (full 2):
 PSYoungGen      total 11264K, used 11008K [0x00000000d5580000, 0x00000000d6200000, 0x0000000100000000)
  eden space 10752K, 100% used [0x00000000d5580000,0x00000000d6000000,0x00000000d6000000)
  from space 512K, 50% used [0x00000000d6180000,0x00000000d61c0000,0x00000000d6200000)
  to   space 512K, 0% used [0x00000000d6100000,0x00000000d6100000,0x00000000d6180000)
 ParOldGen       total 68608K, used 67032K [0x0000000080000000, 0x0000000084300000, 0x00000000d5580000)
  object space 68608K, 97% used [0x0000000080000000,0x00000000841763d8,0x0000000084300000)
 Metaspace       used 55940K, committed 57408K, reserved 1114112K
  class space    used 6008K, committed 6656K, reserved 1048576K
}
Event: 153.559 GC heap after
{Heap after GC invocations=77 (full 2):
 PSYoungGen      total 11264K, used 192K [0x00000000d5580000, 0x00000000d6200000, 0x0000000100000000)
  eden space 10752K, 0% used [0x00000000d5580000,0x00000000d5580000,0x00000000d6000000)
  from space 512K, 37% used [0x00000000d6100000,0x00000000d6130000,0x00000000d6180000)
  to   space 512K, 0% used [0x00000000d6180000,0x00000000d6180000,0x00000000d6200000)
 ParOldGen       total 68608K, used 67184K [0x0000000080000000, 0x0000000084300000, 0x00000000d5580000)
  object space 68608K, 97% used [0x0000000080000000,0x000000008419c3d8,0x0000000084300000)
 Metaspace       used 55940K, committed 57408K, reserved 1114112K
  class space    used 6008K, committed 6656K, reserved 1048576K
}
Event: 39452.219 GC heap before
{Heap before GC invocations=78 (full 2):
 PSYoungGen      total 11264K, used 10944K [0x00000000d5580000, 0x00000000d6200000, 0x0000000100000000)
  eden space 10752K, 100% used [0x00000000d5580000,0x00000000d6000000,0x00000000d6000000)
  from space 512K, 37% used [0x00000000d6100000,0x00000000d6130000,0x00000000d6180000)
  to   space 512K, 0% used [0x00000000d6180000,0x00000000d6180000,0x00000000d6200000)
 ParOldGen       total 68608K, used 67184K [0x0000000080000000, 0x0000000084300000, 0x00000000d5580000)
  object space 68608K, 97% used [0x0000000080000000,0x000000008419c3d8,0x0000000084300000)
 Metaspace       used 57308K, committed 58752K, reserved 1114112K
  class space    used 6169K, committed 6784K, reserved 1048576K
}
Event: 39452.414 GC heap after
{Heap after GC invocations=78 (full 2):
 PSYoungGen      total 11264K, used 441K [0x00000000d5580000, 0x00000000d6200000, 0x0000000100000000)
  eden space 10752K, 0% used [0x00000000d5580000,0x00000000d5580000,0x00000000d6000000)
  from space 512K, 86% used [0x00000000d6180000,0x00000000d61ee470,0x00000000d6200000)
  to   space 512K, 0% used [0x00000000d6100000,0x00000000d6100000,0x00000000d6180000)
 ParOldGen       total 68608K, used 67328K [0x0000000080000000, 0x0000000084300000, 0x00000000d5580000)
  object space 68608K, 98% used [0x0000000080000000,0x00000000841c03d8,0x0000000084300000)
 Metaspace       used 57308K, committed 58752K, reserved 1114112K
  class space    used 6169K, committed 6784K, reserved 1048576K
}
Event: 39453.599 GC heap before
{Heap before GC invocations=79 (full 2):
 PSYoungGen      total 11264K, used 8482K [0x00000000d5580000, 0x00000000d6200000, 0x0000000100000000)
  eden space 10752K, 74% used [0x00000000d5580000,0x00000000d5d5a5a8,0x00000000d6000000)
  from space 512K, 86% used [0x00000000d6180000,0x00000000d61ee470,0x00000000d6200000)
  to   space 512K, 0% used [0x00000000d6100000,0x00000000d6100000,0x00000000d6180000)
 ParOldGen       total 68608K, used 67328K [0x0000000080000000, 0x0000000084300000, 0x00000000d5580000)
  object space 68608K, 98% used [0x0000000080000000,0x00000000841c03d8,0x0000000084300000)
 Metaspace       used 58408K, committed 59776K, reserved 1114112K
  class space    used 6266K, committed 6848K, reserved 1048576K
}
Event: 39453.604 GC heap after
{Heap after GC invocations=79 (full 2):
 PSYoungGen      total 11264K, used 464K [0x00000000d5580000, 0x00000000d6200000, 0x0000000100000000)
  eden space 10752K, 0% used [0x00000000d5580000,0x00000000d5580000,0x00000000d6000000)
  from space 512K, 90% used [0x00000000d6100000,0x00000000d6174010,0x00000000d6180000)
  to   space 512K, 0% used [0x00000000d6180000,0x00000000d6180000,0x00000000d6200000)
 ParOldGen       total 68608K, used 67666K [0x0000000080000000, 0x0000000084300000, 0x00000000d5580000)
  object space 68608K, 98% used [0x0000000080000000,0x00000000842149f8,0x0000000084300000)
 Metaspace       used 58408K, committed 59776K, reserved 1114112K
  class space    used 6266K, committed 6848K, reserved 1048576K
}
Event: 39453.605 GC heap before
{Heap before GC invocations=80 (full 3):
 PSYoungGen      total 11264K, used 464K [0x00000000d5580000, 0x00000000d6200000, 0x0000000100000000)
  eden space 10752K, 0% used [0x00000000d5580000,0x00000000d5580000,0x00000000d6000000)
  from space 512K, 90% used [0x00000000d6100000,0x00000000d6174010,0x00000000d6180000)
  to   space 512K, 0% used [0x00000000d6180000,0x00000000d6180000,0x00000000d6200000)
 ParOldGen       total 68608K, used 67666K [0x0000000080000000, 0x0000000084300000, 0x00000000d5580000)
  object space 68608K, 98% used [0x0000000080000000,0x00000000842149f8,0x0000000084300000)
 Metaspace       used 58408K, committed 59776K, reserved 1114112K
  class space    used 6266K, committed 6848K, reserved 1048576K
}
Event: 39455.081 GC heap after
{Heap after GC invocations=80 (full 3):
 PSYoungGen      total 11264K, used 0K [0x00000000d5580000, 0x00000000d6200000, 0x0000000100000000)
  eden space 10752K, 0% used [0x00000000d5580000,0x00000000d5580000,0x00000000d6000000)
  from space 512K, 0% used [0x00000000d6100000,0x00000000d6100000,0x00000000d6180000)
  to   space 512K, 0% used [0x00000000d6180000,0x00000000d6180000,0x00000000d6200000)
 ParOldGen       total 68608K, used 47858K [0x0000000080000000, 0x0000000084300000, 0x00000000d5580000)
  object space 68608K, 69% used [0x0000000080000000,0x0000000082ebcbd8,0x0000000084300000)
 Metaspace       used 57990K, committed 59776K, reserved 1114112K
  class space    used 6161K, committed 6848K, reserved 1048576K
}
Event: 39455.870 GC heap before
{Heap before GC invocations=81 (full 3):
 PSYoungGen      total 11264K, used 10752K [0x00000000d5580000, 0x00000000d6200000, 0x0000000100000000)
  eden space 10752K, 100% used [0x00000000d5580000,0x00000000d6000000,0x00000000d6000000)
  from space 512K, 0% used [0x00000000d6100000,0x00000000d6100000,0x00000000d6180000)
  to   space 512K, 0% used [0x00000000d6180000,0x00000000d6180000,0x00000000d6200000)
 ParOldGen       total 68608K, used 47858K [0x0000000080000000, 0x0000000084300000, 0x00000000d5580000)
  object space 68608K, 69% used [0x0000000080000000,0x0000000082ebcbd8,0x0000000084300000)
 Metaspace       used 58477K, committed 59904K, reserved 1114112K
  class space    used 6251K, committed 6848K, reserved 1048576K
}
Event: 39455.875 GC heap after
{Heap after GC invocations=81 (full 3):
 PSYoungGen      total 11264K, used 496K [0x00000000d5580000, 0x00000000d6300000, 0x0000000100000000)
  eden space 10752K, 0% used [0x00000000d5580000,0x00000000d5580000,0x00000000d6000000)
  from space 512K, 96% used [0x00000000d6180000,0x00000000d61fc010,0x00000000d6200000)
  to   space 1536K, 0% used [0x00000000d6000000,0x00000000d6000000,0x00000000d6180000)
 ParOldGen       total 68608K, used 48547K [0x0000000080000000, 0x0000000084300000, 0x00000000d5580000)
  object space 68608K, 70% used [0x0000000080000000,0x0000000082f68c08,0x0000000084300000)
 Metaspace       used 58477K, committed 59904K, reserved 1114112K
  class space    used 6251K, committed 6848K, reserved 1048576K
}
Event: 39456.481 GC heap before
{Heap before GC invocations=82 (full 3):
 PSYoungGen      total 11264K, used 11247K [0x00000000d5580000, 0x00000000d6300000, 0x0000000100000000)
  eden space 10752K, 99% used [0x00000000d5580000,0x00000000d5fffd78,0x00000000d6000000)
  from space 512K, 96% used [0x00000000d6180000,0x00000000d61fc010,0x00000000d6200000)
  to   space 1536K, 0% used [0x00000000d6000000,0x00000000d6000000,0x00000000d6180000)
 ParOldGen       total 68608K, used 48547K [0x0000000080000000, 0x0000000084300000, 0x00000000d5580000)
  object space 68608K, 70% used [0x0000000080000000,0x0000000082f68c08,0x0000000084300000)
 Metaspace       used 58739K, committed 60096K, reserved 1114112K
  class space    used 6282K, committed 6848K, reserved 1048576K
}
Event: 39456.486 GC heap after
{Heap after GC invocations=82 (full 3):
 PSYoungGen      total 11776K, used 672K [0x00000000d5580000, 0x00000000d6200000, 0x0000000100000000)
  eden space 10752K, 0% used [0x00000000d5580000,0x00000000d5580000,0x00000000d6000000)
  from space 1024K, 65% used [0x00000000d6000000,0x00000000d60a8000,0x00000000d6100000)
  to   space 1024K, 0% used [0x00000000d6100000,0x00000000d6100000,0x00000000d6200000)
 ParOldGen       total 68608K, used 49039K [0x0000000080000000, 0x0000000084300000, 0x00000000d5580000)
  object space 68608K, 71% used [0x0000000080000000,0x0000000082fe3c28,0x0000000084300000)
 Metaspace       used 58739K, committed 60096K, reserved 1114112K
  class space    used 6282K, committed 6848K, reserved 1048576K
}
Event: 39474.447 GC heap before
{Heap before GC invocations=83 (full 3):
 PSYoungGen      total 11776K, used 11424K [0x00000000d5580000, 0x00000000d6200000, 0x0000000100000000)
  eden space 10752K, 100% used [0x00000000d5580000,0x00000000d6000000,0x00000000d6000000)
  from space 1024K, 65% used [0x00000000d6000000,0x00000000d60a8000,0x00000000d6100000)
  to   space 1024K, 0% used [0x00000000d6100000,0x00000000d6100000,0x00000000d6200000)
 ParOldGen       total 112128K, used 110479K [0x0000000080000000, 0x0000000086d80000, 0x00000000d5580000)
  object space 112128K, 98% used [0x0000000080000000,0x0000000086be3c88,0x0000000086d80000)
 Metaspace       used 59430K, committed 60736K, reserved 1114112K
  class space    used 6352K, committed 6848K, reserved 1048576K
}
Event: 39474.462 GC heap after
{Heap after GC invocations=83 (full 3):
 PSYoungGen      total 11776K, used 570K [0x00000000d5580000, 0x00000000d6200000, 0x0000000100000000)
  eden space 10752K, 0% used [0x00000000d5580000,0x00000000d5580000,0x00000000d6000000)
  from space 1024K, 55% used [0x00000000d6100000,0x00000000d618e8e8,0x00000000d6200000)
  to   space 1024K, 0% used [0x00000000d6000000,0x00000000d6000000,0x00000000d6100000)
 ParOldGen       total 112128K, used 111020K [0x0000000080000000, 0x0000000086d80000, 0x00000000d5580000)
  object space 112128K, 99% used [0x0000000080000000,0x0000000086c6b3b0,0x0000000086d80000)
 Metaspace       used 59430K, committed 60736K, reserved 1114112K
  class space    used 6352K, committed 6848K, reserved 1048576K
}

