# JRE version: OpenJDK Runtime Environment Temurin-21.0.10+7 (21.0.10+7) (build 21.0.10+7-LTS)
# Java VM: OpenJDK 64-Bit Server VM Temurin-21.0.10+7 (21.0.10+7-LTS, mixed mode, sharing, tiered, compressed oops, compressed class ptrs, parallel gc, windows-amd64)
GC Precious Log:
 CardTable entry size: 512
 CPUs: 4 total, 4 available
 Memory: 3534M
 Large Page Support: Disabled
 NUMA Support: Disabled
 Compressed Oops: Enabled (32-bit)
 Alignments: Space 512K, Generation 512K, Heap 2M
 Heap Min Capacity: 100M
 Heap Initial Capacity: 100M
 Heap Max Capacity: 2G
 Pre-touch: Disabled
 Parallel Workers: 4
Heap:
 PSYoungGen      total 5632K, used 241K [0x00000000d5580000, 0x00000000d6000000, 0x0000000100000000)
  eden space 5120K, 2% used [0x00000000d5580000,0x00000000d559c460,0x00000000d5a80000)
  from space 512K, 25% used [0x00000000d5f80000,0x00000000d5fa0000,0x00000000d6000000)
  to   space 512K, 0% used [0x00000000d5e80000,0x00000000d5e80000,0x00000000d5f00000)
 ParOldGen       total 297472K, used 297081K [0x0000000080000000, 0x0000000092280000, 0x00000000d5580000)
  object space 297472K, 99% used [0x0000000080000000,0x000000009221e600,0x0000000092280000)
 Metaspace       used 66778K, committed 68224K, reserved 1114112K
  class space    used 7011K, committed 7616K, reserved 1048576K
GC Heap History (20 events):
Event: 66182.079 GC heap before
{Heap before GC invocations=114 (full 3):
 PSYoungGen      total 10240K, used 9716K [0x00000000d5580000, 0x00000000d6780000, 0x0000000100000000)
  eden space 5120K, 93% used [0x00000000d5580000,0x00000000d5a2d308,0x00000000d5a80000)
  from space 5120K, 96% used [0x00000000d6280000,0x00000000d6750000,0x00000000d6780000)
  to   space 6144K, 0% used [0x00000000d5b80000,0x00000000d5b80000,0x00000000d6180000)
 ParOldGen       total 206848K, used 206821K [0x0000000080000000, 0x000000008ca00000, 0x00000000d5580000)
  object space 206848K, 99% used [0x0000000080000000,0x000000008c9f9518,0x000000008ca00000)
 Metaspace       used 66521K, committed 67968K, reserved 1114112K
  class space    used 7010K, committed 7616K, reserved 1048576K
}
Event: 66182.092 GC heap after
{Heap after GC invocations=114 (full 3):
 PSYoungGen      total 9728K, used 4342K [0x00000000d5580000, 0x00000000d6480000, 0x0000000100000000)
  eden space 5120K, 0% used [0x00000000d5580000,0x00000000d5580000,0x00000000d5a80000)
  from space 4608K, 94% used [0x00000000d5b80000,0x00000000d5fbd800,0x00000000d6000000)
  to   space 4608K, 0% used [0x00000000d6000000,0x00000000d6000000,0x00000000d6480000)
 ParOldGen       total 211968K, used 211773K [0x0000000080000000, 0x000000008cf00000, 0x00000000d5580000)
  object space 211968K, 99% used [0x0000000080000000,0x000000008cecf518,0x000000008cf00000)
 Metaspace       used 66521K, committed 67968K, reserved 1114112K
  class space    used 7010K, committed 7616K, reserved 1048576K
}
Event: 66182.271 GC heap before
{Heap before GC invocations=115 (full 3):
 PSYoungGen      total 9728K, used 9462K [0x00000000d5580000, 0x00000000d6480000, 0x0000000100000000)
  eden space 5120K, 100% used [0x00000000d5580000,0x00000000d5a80000,0x00000000d5a80000)
  from space 4608K, 94% used [0x00000000d5b80000,0x00000000d5fbd800,0x00000000d6000000)
  to   space 4608K, 0% used [0x00000000d6000000,0x00000000d6000000,0x00000000d6480000)
 ParOldGen       total 211968K, used 211773K [0x0000000080000000, 0x000000008cf00000, 0x00000000d5580000)
  object space 211968K, 99% used [0x0000000080000000,0x000000008cecf518,0x000000008cf00000)
 Metaspace       used 66523K, committed 67968K, reserved 1114112K
  class space    used 7010K, committed 7616K, reserved 1048576K
}
Event: 66182.292 GC heap after
{Heap after GC invocations=115 (full 3):
 PSYoungGen      total 9728K, used 4223K [0x00000000d5580000, 0x00000000d6480000, 0x0000000100000000)
  eden space 5120K, 0% used [0x00000000d5580000,0x00000000d5580000,0x00000000d5a80000)
  from space 4608K, 91% used [0x00000000d6000000,0x00000000d641fd50,0x00000000d6480000)
  to   space 4608K, 0% used [0x00000000d5b80000,0x00000000d5b80000,0x00000000d6000000)
 ParOldGen       total 216064K, used 215661K [0x0000000080000000, 0x000000008d300000, 0x00000000d5580000)
  object space 216064K, 99% used [0x0000000080000000,0x000000008d29b518,0x000000008d300000)
 Metaspace       used 66523K, committed 67968K, reserved 1114112K
  class space    used 7010K, committed 7616K, reserved 1048576K
}
Event: 66182.314 GC heap before
{Heap before GC invocations=116 (full 3):
 PSYoungGen      total 9728K, used 9343K [0x00000000d5580000, 0x00000000d6480000, 0x0000000100000000)
  eden space 5120K, 100% used [0x00000000d5580000,0x00000000d5a80000,0x00000000d5a80000)
  from space 4608K, 91% used [0x00000000d6000000,0x00000000d641fd50,0x00000000d6480000)
  to   space 4608K, 0% used [0x00000000d5b80000,0x00000000d5b80000,0x00000000d6000000)
 ParOldGen       total 216064K, used 215661K [0x0000000080000000, 0x000000008d300000, 0x00000000d5580000)
  object space 216064K, 99% used [0x0000000080000000,0x000000008d29b518,0x000000008d300000)
 Metaspace       used 66523K, committed 67968K, reserved 1114112K
  class space    used 7010K, committed 7616K, reserved 1048576K
}
Event: 66182.326 GC heap after
{Heap after GC invocations=116 (full 3):
 PSYoungGen      total 9728K, used 4608K [0x00000000d5580000, 0x00000000d6e80000, 0x0000000100000000)
  eden space 5120K, 0% used [0x00000000d5580000,0x00000000d5580000,0x00000000d5a80000)
  from space 4608K, 100% used [0x00000000d5b80000,0x00000000d6000000,0x00000000d6000000)
  to   space 10240K, 0% used [0x00000000d6480000,0x00000000d6480000,0x00000000d6e80000)
 ParOldGen       total 220672K, used 220316K [0x0000000080000000, 0x000000008d780000, 0x00000000d5580000)
  object space 220672K, 99% used [0x0000000080000000,0x000000008d727268,0x000000008d780000)
 Metaspace       used 66523K, committed 67968K, reserved 1114112K
  class space    used 7010K, committed 7616K, reserved 1048576K
}
Event: 66183.957 GC heap before
{Heap before GC invocations=117 (full 3):
 PSYoungGen      total 9728K, used 9522K [0x00000000d5580000, 0x00000000d6e80000, 0x0000000100000000)
  eden space 5120K, 95% used [0x00000000d5580000,0x00000000d5a4ca18,0x00000000d5a80000)
  from space 4608K, 100% used [0x00000000d5b80000,0x00000000d6000000,0x00000000d6000000)
  to   space 10240K, 0% used [0x00000000d6480000,0x00000000d6480000,0x00000000d6e80000)
 ParOldGen       total 220672K, used 220316K [0x0000000080000000, 0x000000008d780000, 0x00000000d5580000)
  object space 220672K, 99% used [0x0000000080000000,0x000000008d727268,0x000000008d780000)
 Metaspace       used 66555K, committed 67968K, reserved 1114112K
  class space    used 7010K, committed 7616K, reserved 1048576K
}
Event: 66183.972 GC heap after
{Heap after GC invocations=117 (full 3):
 PSYoungGen      total 8704K, used 3569K [0x00000000d5580000, 0x00000000d6800000, 0x0000000100000000)
  eden space 5120K, 0% used [0x00000000d5580000,0x00000000d5580000,0x00000000d5a80000)
  from space 3584K, 99% used [0x00000000d6480000,0x00000000d67fc408,0x00000000d6800000)
  to   space 5632K, 0% used [0x00000000d5d00000,0x00000000d5d00000,0x00000000d6280000)
 ParOldGen       total 225280K, used 224972K [0x0000000080000000, 0x000000008dc00000, 0x00000000d5580000)
  object space 225280K, 99% used [0x0000000080000000,0x000000008dbb3268,0x000000008dc00000)
 Metaspace       used 66555K, committed 67968K, reserved 1114112K
  class space    used 7010K, committed 7616K, reserved 1048576K
}
Event: 66193.037 GC heap before
{Heap before GC invocations=118 (full 3):
 PSYoungGen      total 8704K, used 8533K [0x00000000d5580000, 0x00000000d6800000, 0x0000000100000000)
  eden space 5120K, 96% used [0x00000000d5580000,0x00000000d5a59250,0x00000000d5a80000)
  from space 3584K, 99% used [0x00000000d6480000,0x00000000d67fc408,0x00000000d6800000)
  to   space 5632K, 0% used [0x00000000d5d00000,0x00000000d5d00000,0x00000000d6280000)
 ParOldGen       total 225280K, used 224972K [0x0000000080000000, 0x000000008dc00000, 0x00000000d5580000)
  object space 225280K, 99% used [0x0000000080000000,0x000000008dbb3268,0x000000008dc00000)
 Metaspace       used 66562K, committed 68032K, reserved 1114112K
  class space    used 7011K, committed 7616K, reserved 1048576K
}
Event: 66193.050 GC heap after
{Heap after GC invocations=118 (full 3):
 PSYoungGen      total 7680K, used 2551K [0x00000000d5580000, 0x00000000d6500000, 0x0000000100000000)
  eden space 5120K, 0% used [0x00000000d5580000,0x00000000d5580000,0x00000000d5a80000)
  from space 2560K, 99% used [0x00000000d5d00000,0x00000000d5f7dd38,0x00000000d5f80000)
  to   space 3584K, 0% used [0x00000000d6180000,0x00000000d6180000,0x00000000d6500000)
 ParOldGen       total 228864K, used 228516K [0x0000000080000000, 0x000000008df80000, 0x00000000d5580000)
  object space 228864K, 99% used [0x0000000080000000,0x000000008df29220,0x000000008df80000)
 Metaspace       used 66562K, committed 68032K, reserved 1114112K
  class space    used 7011K, committed 7616K, reserved 1048576K
}
Event: 66204.468 GC heap before
{Heap before GC invocations=119 (full 3):
 PSYoungGen      total 7680K, used 7659K [0x00000000d5580000, 0x00000000d6500000, 0x0000000100000000)
  eden space 5120K, 99% used [0x00000000d5580000,0x00000000d5a7d2b8,0x00000000d5a80000)
  from space 2560K, 99% used [0x00000000d5d00000,0x00000000d5f7dd38,0x00000000d5f80000)
  to   space 3584K, 0% used [0x00000000d6180000,0x00000000d6180000,0x00000000d6500000)
 ParOldGen       total 228864K, used 228516K [0x0000000080000000, 0x000000008df80000, 0x00000000d5580000)
  object space 228864K, 99% used [0x0000000080000000,0x000000008df29220,0x000000008df80000)
 Metaspace       used 66583K, committed 68032K, reserved 1114112K
  class space    used 7011K, committed 7616K, reserved 1048576K
}
Event: 66204.512 GC heap after
{Heap after GC invocations=119 (full 3):
 PSYoungGen      total 8704K, used 3438K [0x00000000d5580000, 0x00000000d6500000, 0x0000000100000000)
  eden space 5120K, 0% used [0x00000000d5580000,0x00000000d5580000,0x00000000d5a80000)
  from space 3584K, 95% used [0x00000000d6180000,0x00000000d64dbbf8,0x00000000d6500000)
  to   space 4096K, 0% used [0x00000000d5d00000,0x00000000d5d00000,0x00000000d6100000)
 ParOldGen       total 231424K, used 231022K [0x0000000080000000, 0x000000008e200000, 0x00000000d5580000)
  object space 231424K, 99% used [0x0000000080000000,0x000000008e19ba18,0x000000008e200000)
 Metaspace       used 66583K, committed 68032K, reserved 1114112K
  class space    used 7011K, committed 7616K, reserved 1048576K
}
Event: 66209.208 GC heap before
{Heap before GC invocations=120 (full 3):
 PSYoungGen      total 8704K, used 8558K [0x00000000d5580000, 0x00000000d6500000, 0x0000000100000000)
  eden space 5120K, 100% used [0x00000000d5580000,0x00000000d5a80000,0x00000000d5a80000)
  from space 3584K, 95% used [0x00000000d6180000,0x00000000d64dbbf8,0x00000000d6500000)
  to   space 4096K, 0% used [0x00000000d5d00000,0x00000000d5d00000,0x00000000d6100000)
 ParOldGen       total 294912K, used 292462K [0x0000000080000000, 0x0000000092000000, 0x00000000d5580000)
  object space 294912K, 99% used [0x0000000080000000,0x0000000091d9ba78,0x0000000092000000)
 Metaspace       used 66650K, committed 68160K, reserved 1114112K
  class space    used 7011K, committed 7616K, reserved 1048576K
}
Event: 66209.245 GC heap after
{Heap after GC invocations=120 (full 3):
 PSYoungGen      total 6144K, used 791K [0x00000000d5580000, 0x00000000d6200000, 0x0000000100000000)
  eden space 5120K, 0% used [0x00000000d5580000,0x00000000d5580000,0x00000000d5a80000)
  from space 1024K, 77% used [0x00000000d5d00000,0x00000000d5dc5d08,0x00000000d5e00000)
  to   space 2048K, 0% used [0x00000000d6000000,0x00000000d6000000,0x00000000d6200000)
 ParOldGen       total 295936K, used 295460K [0x0000000080000000, 0x0000000092100000, 0x00000000d5580000)
  object space 295936K, 99% used [0x0000000080000000,0x0000000092089060,0x0000000092100000)
 Metaspace       used 66650K, committed 68160K, reserved 1114112K
  class space    used 7011K, committed 7616K, reserved 1048576K
}
Event: 66482.662 GC heap before
{Heap before GC invocations=121 (full 3):
 PSYoungGen      total 6144K, used 5911K [0x00000000d5580000, 0x00000000d6200000, 0x0000000100000000)
  eden space 5120K, 99% used [0x00000000d5580000,0x00000000d5a7fff0,0x00000000d5a80000)
  from space 1024K, 77% used [0x00000000d5d00000,0x00000000d5dc5d08,0x00000000d5e00000)
  to   space 2048K, 0% used [0x00000000d6000000,0x00000000d6000000,0x00000000d6200000)
 ParOldGen       total 295936K, used 295460K [0x0000000080000000, 0x0000000092100000, 0x00000000d5580000)
  object space 295936K, 99% used [0x0000000080000000,0x0000000092089060,0x0000000092100000)
 Metaspace       used 66706K, committed 68224K, reserved 1114112K
  class space    used 7011K, committed 7616K, reserved 1048576K
}
Event: 66482.782 GC heap after
{Heap after GC invocations=121 (full 3):
 PSYoungGen      total 6656K, used 1152K [0x00000000d5580000, 0x00000000d6180000, 0x0000000100000000)
  eden space 5120K, 0% used [0x00000000d5580000,0x00000000d5580000,0x00000000d5a80000)
  from space 1536K, 75% used [0x00000000d6000000,0x00000000d6120020,0x00000000d6180000)
  to   space 1536K, 0% used [0x00000000d5e80000,0x00000000d5e80000,0x00000000d6000000)
 ParOldGen       total 295936K, used 295905K [0x0000000080000000, 0x0000000092100000, 0x00000000d5580000)
  object space 295936K, 99% used [0x0000000080000000,0x00000000920f85a0,0x0000000092100000)
 Metaspace       used 66706K, committed 68224K, reserved 1114112K
  class space    used 7011K, committed 7616K, reserved 1048576K
}
Event: 67981.415 GC heap before
{Heap before GC invocations=122 (full 3):
 PSYoungGen      total 6656K, used 6271K [0x00000000d5580000, 0x00000000d6180000, 0x0000000100000000)
  eden space 5120K, 99% used [0x00000000d5580000,0x00000000d5a7ffa8,0x00000000d5a80000)
  from space 1536K, 75% used [0x00000000d6000000,0x00000000d6120020,0x00000000d6180000)
  to   space 1536K, 0% used [0x00000000d5e80000,0x00000000d5e80000,0x00000000d6000000)
 ParOldGen       total 295936K, used 295905K [0x0000000080000000, 0x0000000092100000, 0x00000000d5580000)
  object space 295936K, 99% used [0x0000000080000000,0x00000000920f85a0,0x0000000092100000)
 Metaspace       used 66760K, committed 68224K, reserved 1114112K
  class space    used 7011K, committed 7616K, reserved 1048576K
}
Event: 67981.514 GC heap after
{Heap after GC invocations=122 (full 3):
 PSYoungGen      total 5632K, used 256K [0x00000000d5580000, 0x00000000d6080000, 0x0000000100000000)
  eden space 5120K, 0% used [0x00000000d5580000,0x00000000d5580000,0x00000000d5a80000)
  from space 512K, 50% used [0x00000000d5e80000,0x00000000d5ec0020,0x00000000d5f00000)
  to   space 1024K, 0% used [0x00000000d5f80000,0x00000000d5f80000,0x00000000d6080000)
 ParOldGen       total 297472K, used 296969K [0x0000000080000000, 0x0000000092280000, 0x00000000d5580000)
  object space 297472K, 99% used [0x0000000080000000,0x00000000922025d0,0x0000000092280000)
 Metaspace       used 66760K, committed 68224K, reserved 1114112K
  class space    used 7011K, committed 7616K, reserved 1048576K
}
Event: 68281.580 GC heap before
{Heap before GC invocations=123 (full 3):
 PSYoungGen      total 5632K, used 5369K [0x00000000d5580000, 0x00000000d6080000, 0x0000000100000000)
  eden space 5120K, 99% used [0x00000000d5580000,0x00000000d5a7e790,0x00000000d5a80000)
  from space 512K, 50% used [0x00000000d5e80000,0x00000000d5ec0020,0x00000000d5f00000)
  to   space 1024K, 0% used [0x00000000d5f80000,0x00000000d5f80000,0x00000000d6080000)
 ParOldGen       total 297472K, used 296969K [0x0000000080000000, 0x0000000092280000, 0x00000000d5580000)
  object space 297472K, 99% used [0x0000000080000000,0x00000000922025d0,0x0000000092280000)
 Metaspace       used 66776K, committed 68224K, reserved 1114112K
  class space    used 7011K, committed 7616K, reserved 1048576K
}
Event: 68281.675 GC heap after
{Heap after GC invocations=123 (full 3):
 PSYoungGen      total 5632K, used 128K [0x00000000d5580000, 0x00000000d6000000, 0x0000000100000000)
  eden space 5120K, 0% used [0x00000000d5580000,0x00000000d5580000,0x00000000d5a80000)
  from space 512K, 25% used [0x00000000d5f80000,0x00000000d5fa0000,0x00000000d6000000)
  to   space 512K, 0% used [0x00000000d5e80000,0x00000000d5e80000,0x00000000d5f00000)
 ParOldGen       total 297472K, used 297081K [0x0000000080000000, 0x0000000092280000, 0x00000000d5580000)
  object space 297472K, 99% used [0x0000000080000000,0x000000009221e600,0x0000000092280000)
 Metaspace       used 66776K, committed 68224K, reserved 1114112K
  class space    used 7011K, committed 7616K, reserved 1048576K
}

