# JRE version: OpenJDK Runtime Environment Temurin-21.0.10+7 (21.0.10+7) (build 21.0.10+7-LTS)
# Java VM: OpenJDK 64-Bit Server VM Temurin-21.0.10+7 (21.0.10+7-LTS, mixed mode, sharing, tiered, compressed oops, compressed class ptrs, parallel gc, windows-amd64)
GC Precious Log:
 CardTable entry size: 512
 CPUs: 4 total, 4 available
 Memory: 3534M
 Large Page Support: Disabled
 NUMA Support: Disabled
 Compressed Oops: Enabled (32-bit)
 Alignments: Space 512K, Generation 512K, Heap 2M
 Heap Min Capacity: 100M
 Heap Initial Capacity: 100M
 Heap Max Capacity: 2G
 Pre-touch: Disabled
 Parallel Workers: 4
Heap:
 PSYoungGen      total 8192K, used 1547K [0x00000000d5580000, 0x00000000d5e80000, 0x0000000100000000)
  eden space 7168K, 14% used [0x00000000d5580000,0x00000000d5682c00,0x00000000d5c80000)
  from space 1024K, 50% used [0x00000000d5d80000,0x00000000d5e00000,0x00000000d5e80000)
  to   space 1024K, 0% used [0x00000000d5c80000,0x00000000d5c80000,0x00000000d5d80000)
 ParOldGen       total 68608K, used 66832K [0x0000000080000000, 0x0000000084300000, 0x00000000d5580000)
  object space 68608K, 97% used [0x0000000080000000,0x0000000084144150,0x0000000084300000)
 Metaspace       used 65084K, committed 66496K, reserved 1114112K
  class space    used 6930K, committed 7552K, reserved 1048576K
GC Heap History (20 events):
Event: 93.602 GC heap before
{Heap before GC invocations=62 (full 3):
 PSYoungGen      total 7680K, used 7616K [0x00000000d5580000, 0x00000000d5f80000, 0x0000000100000000)
  eden space 7168K, 100% used [0x00000000d5580000,0x00000000d5c80000,0x00000000d5c80000)
  from space 512K, 87% used [0x00000000d5f00000,0x00000000d5f70000,0x00000000d5f80000)
  to   space 1024K, 0% used [0x00000000d5d80000,0x00000000d5d80000,0x00000000d5e80000)
 ParOldGen       total 68608K, used 62577K [0x0000000080000000, 0x0000000084300000, 0x00000000d5580000)
  object space 68608K, 91% used [0x0000000080000000,0x0000000083d1c470,0x0000000084300000)
 Metaspace       used 64192K, committed 65664K, reserved 1114112K
  class space    used 6880K, committed 7552K, reserved 1048576K
}
Event: 93.604 GC heap after
{Heap after GC invocations=62 (full 3):
 PSYoungGen      total 8192K, used 992K [0x00000000d5580000, 0x00000000d5f80000, 0x0000000100000000)
  eden space 7168K, 0% used [0x00000000d5580000,0x00000000d5580000,0x00000000d5c80000)
  from space 1024K, 96% used [0x00000000d5d80000,0x00000000d5e78020,0x00000000d5e80000)
  to   space 1024K, 0% used [0x00000000d5e80000,0x00000000d5e80000,0x00000000d5f80000)
 ParOldGen       total 68608K, used 62913K [0x0000000080000000, 0x0000000084300000, 0x00000000d5580000)
  object space 68608K, 91% used [0x0000000080000000,0x0000000083d70470,0x0000000084300000)
 Metaspace       used 64192K, committed 65664K, reserved 1114112K
  class space    used 6880K, committed 7552K, reserved 1048576K
}
Event: 93.827 GC heap before
{Heap before GC invocations=63 (full 3):
 PSYoungGen      total 8192K, used 8160K [0x00000000d5580000, 0x00000000d5f80000, 0x0000000100000000)
  eden space 7168K, 100% used [0x00000000d5580000,0x00000000d5c80000,0x00000000d5c80000)
  from space 1024K, 96% used [0x00000000d5d80000,0x00000000d5e78020,0x00000000d5e80000)
  to   space 1024K, 0% used [0x00000000d5e80000,0x00000000d5e80000,0x00000000d5f80000)
 ParOldGen       total 68608K, used 62913K [0x0000000080000000, 0x0000000084300000, 0x00000000d5580000)
  object space 68608K, 91% used [0x0000000080000000,0x0000000083d70470,0x0000000084300000)
 Metaspace       used 64256K, committed 65664K, reserved 1114112K
  class space    used 6880K, committed 7552K, reserved 1048576K
}
Event: 93.830 GC heap after
{Heap after GC invocations=63 (full 3):
 PSYoungGen      total 7680K, used 416K [0x00000000d5580000, 0x00000000d5f00000, 0x0000000100000000)
  eden space 7168K, 0% used [0x00000000d5580000,0x00000000d5580000,0x00000000d5c80000)
  from space 512K, 81% used [0x00000000d5e80000,0x00000000d5ee8000,0x00000000d5f00000)
  to   space 1024K, 0% used [0x00000000d5d00000,0x00000000d5d00000,0x00000000d5e00000)
 ParOldGen       total 68608K, used 63555K [0x0000000080000000, 0x0000000084300000, 0x00000000d5580000)
  object space 68608K, 92% used [0x0000000080000000,0x0000000083e10c70,0x0000000084300000)
 Metaspace       used 64256K, committed 65664K, reserved 1114112K
  class space    used 6880K, committed 7552K, reserved 1048576K
}
Event: 94.025 GC heap before
{Heap before GC invocations=64 (full 3):
 PSYoungGen      total 7680K, used 7584K [0x00000000d5580000, 0x00000000d5f00000, 0x0000000100000000)
  eden space 7168K, 100% used [0x00000000d5580000,0x00000000d5c80000,0x00000000d5c80000)
  from space 512K, 81% used [0x00000000d5e80000,0x00000000d5ee8000,0x00000000d5f00000)
  to   space 1024K, 0% used [0x00000000d5d00000,0x00000000d5d00000,0x00000000d5e00000)
 ParOldGen       total 68608K, used 63555K [0x0000000080000000, 0x0000000084300000, 0x00000000d5580000)
  object space 68608K, 92% used [0x0000000080000000,0x0000000083e10c70,0x0000000084300000)
 Metaspace       used 64328K, committed 65728K, reserved 1114112K
  class space    used 6886K, committed 7552K, reserved 1048576K
}
Event: 94.028 GC heap after
{Heap after GC invocations=64 (full 3):
 PSYoungGen      total 8192K, used 928K [0x00000000d5580000, 0x00000000d5f80000, 0x0000000100000000)
  eden space 7168K, 0% used [0x00000000d5580000,0x00000000d5580000,0x00000000d5c80000)
  from space 1024K, 90% used [0x00000000d5d00000,0x00000000d5de8000,0x00000000d5e00000)
  to   space 1536K, 0% used [0x00000000d5e00000,0x00000000d5e00000,0x00000000d5f80000)
 ParOldGen       total 68608K, used 63899K [0x0000000080000000, 0x0000000084300000, 0x00000000d5580000)
  object space 68608K, 93% used [0x0000000080000000,0x0000000083e66c70,0x0000000084300000)
 Metaspace       used 64328K, committed 65728K, reserved 1114112K
  class space    used 6886K, committed 7552K, reserved 1048576K
}
Event: 94.782 GC heap before
{Heap before GC invocations=65 (full 3):
 PSYoungGen      total 8192K, used 8096K [0x00000000d5580000, 0x00000000d5f80000, 0x0000000100000000)
  eden space 7168K, 100% used [0x00000000d5580000,0x00000000d5c80000,0x00000000d5c80000)
  from space 1024K, 90% used [0x00000000d5d00000,0x00000000d5de8000,0x00000000d5e00000)
  to   space 1536K, 0% used [0x00000000d5e00000,0x00000000d5e00000,0x00000000d5f80000)
 ParOldGen       total 68608K, used 63899K [0x0000000080000000, 0x0000000084300000, 0x00000000d5580000)
  object space 68608K, 93% used [0x0000000080000000,0x0000000083e66c70,0x0000000084300000)
 Metaspace       used 64613K, committed 65984K, reserved 1114112K
  class space    used 6924K, committed 7552K, reserved 1048576K
}
Event: 94.785 GC heap after
{Heap after GC invocations=65 (full 3):
 PSYoungGen      total 8704K, used 1056K [0x00000000d5580000, 0x00000000d5f80000, 0x0000000100000000)
  eden space 7168K, 0% used [0x00000000d5580000,0x00000000d5580000,0x00000000d5c80000)
  from space 1536K, 68% used [0x00000000d5e00000,0x00000000d5f08020,0x00000000d5f80000)
  to   space 1536K, 0% used [0x00000000d5c80000,0x00000000d5c80000,0x00000000d5e00000)
 ParOldGen       total 68608K, used 64233K [0x0000000080000000, 0x0000000084300000, 0x00000000d5580000)
  object space 68608K, 93% used [0x0000000080000000,0x0000000083eba440,0x0000000084300000)
 Metaspace       used 64613K, committed 65984K, reserved 1114112K
  class space    used 6924K, committed 7552K, reserved 1048576K
}
Event: 95.659 GC heap before
{Heap before GC invocations=66 (full 3):
 PSYoungGen      total 8704K, used 8224K [0x00000000d5580000, 0x00000000d5f80000, 0x0000000100000000)
  eden space 7168K, 100% used [0x00000000d5580000,0x00000000d5c80000,0x00000000d5c80000)
  from space 1536K, 68% used [0x00000000d5e00000,0x00000000d5f08020,0x00000000d5f80000)
  to   space 1536K, 0% used [0x00000000d5c80000,0x00000000d5c80000,0x00000000d5e00000)
 ParOldGen       total 68608K, used 64233K [0x0000000080000000, 0x0000000084300000, 0x00000000d5580000)
  object space 68608K, 93% used [0x0000000080000000,0x0000000083eba440,0x0000000084300000)
 Metaspace       used 64685K, committed 66112K, reserved 1114112K
  class space    used 6926K, committed 7552K, reserved 1048576K
}
Event: 95.662 GC heap after
{Heap after GC invocations=66 (full 3):
 PSYoungGen      total 8192K, used 784K [0x00000000d5580000, 0x00000000d5e80000, 0x0000000100000000)
  eden space 7168K, 0% used [0x00000000d5580000,0x00000000d5580000,0x00000000d5c80000)
  from space 1024K, 76% used [0x00000000d5c80000,0x00000000d5d44010,0x00000000d5d80000)
  to   space 1024K, 0% used [0x00000000d5d80000,0x00000000d5d80000,0x00000000d5e80000)
 ParOldGen       total 68608K, used 65032K [0x0000000080000000, 0x0000000084300000, 0x00000000d5580000)
  object space 68608K, 94% used [0x0000000080000000,0x0000000083f82150,0x0000000084300000)
 Metaspace       used 64685K, committed 66112K, reserved 1114112K
  class space    used 6926K, committed 7552K, reserved 1048576K
}
Event: 96.388 GC heap before
{Heap before GC invocations=67 (full 3):
 PSYoungGen      total 8192K, used 7952K [0x00000000d5580000, 0x00000000d5e80000, 0x0000000100000000)
  eden space 7168K, 100% used [0x00000000d5580000,0x00000000d5c80000,0x00000000d5c80000)
  from space 1024K, 76% used [0x00000000d5c80000,0x00000000d5d44010,0x00000000d5d80000)
  to   space 1024K, 0% used [0x00000000d5d80000,0x00000000d5d80000,0x00000000d5e80000)
 ParOldGen       total 68608K, used 65032K [0x0000000080000000, 0x0000000084300000, 0x00000000d5580000)
  object space 68608K, 94% used [0x0000000080000000,0x0000000083f82150,0x0000000084300000)
 Metaspace       used 64756K, committed 66176K, reserved 1114112K
  class space    used 6926K, committed 7552K, reserved 1048576K
}
Event: 96.391 GC heap after
{Heap after GC invocations=67 (full 3):
 PSYoungGen      total 8192K, used 768K [0x00000000d5580000, 0x00000000d5e80000, 0x0000000100000000)
  eden space 7168K, 0% used [0x00000000d5580000,0x00000000d5580000,0x00000000d5c80000)
  from space 1024K, 75% used [0x00000000d5d80000,0x00000000d5e40000,0x00000000d5e80000)
  to   space 1024K, 0% used [0x00000000d5c80000,0x00000000d5c80000,0x00000000d5d80000)
 ParOldGen       total 68608K, used 65384K [0x0000000080000000, 0x0000000084300000, 0x00000000d5580000)
  object space 68608K, 95% used [0x0000000080000000,0x0000000083fda150,0x0000000084300000)
 Metaspace       used 64756K, committed 66176K, reserved 1114112K
  class space    used 6926K, committed 7552K, reserved 1048576K
}
Event: 97.731 GC heap before
{Heap before GC invocations=68 (full 3):
 PSYoungGen      total 8192K, used 7934K [0x00000000d5580000, 0x00000000d5e80000, 0x0000000100000000)
  eden space 7168K, 99% used [0x00000000d5580000,0x00000000d5c7f9c8,0x00000000d5c80000)
  from space 1024K, 75% used [0x00000000d5d80000,0x00000000d5e40000,0x00000000d5e80000)
  to   space 1024K, 0% used [0x00000000d5c80000,0x00000000d5c80000,0x00000000d5d80000)
 ParOldGen       total 68608K, used 65384K [0x0000000080000000, 0x0000000084300000, 0x00000000d5580000)
  object space 68608K, 95% used [0x0000000080000000,0x0000000083fda150,0x0000000084300000)
 Metaspace       used 64925K, committed 66368K, reserved 1114112K
  class space    used 6927K, committed 7552K, reserved 1048576K
}
Event: 97.734 GC heap after
{Heap after GC invocations=68 (full 3):
 PSYoungGen      total 8192K, used 736K [0x00000000d5580000, 0x00000000d5e80000, 0x0000000100000000)
  eden space 7168K, 0% used [0x00000000d5580000,0x00000000d5580000,0x00000000d5c80000)
  from space 1024K, 71% used [0x00000000d5c80000,0x00000000d5d38000,0x00000000d5d80000)
  to   space 1024K, 0% used [0x00000000d5d80000,0x00000000d5d80000,0x00000000d5e80000)
 ParOldGen       total 68608K, used 65728K [0x0000000080000000, 0x0000000084300000, 0x00000000d5580000)
  object space 68608K, 95% used [0x0000000080000000,0x0000000084030150,0x0000000084300000)
 Metaspace       used 64925K, committed 66368K, reserved 1114112K
  class space    used 6927K, committed 7552K, reserved 1048576K
}
Event: 102.914 GC heap before
{Heap before GC invocations=69 (full 3):
 PSYoungGen      total 8192K, used 7892K [0x00000000d5580000, 0x00000000d5e80000, 0x0000000100000000)
  eden space 7168K, 99% used [0x00000000d5580000,0x00000000d5c7d390,0x00000000d5c80000)
  from space 1024K, 71% used [0x00000000d5c80000,0x00000000d5d38000,0x00000000d5d80000)
  to   space 1024K, 0% used [0x00000000d5d80000,0x00000000d5d80000,0x00000000d5e80000)
 ParOldGen       total 68608K, used 65728K [0x0000000080000000, 0x0000000084300000, 0x00000000d5580000)
  object space 68608K, 95% used [0x0000000080000000,0x0000000084030150,0x0000000084300000)
 Metaspace       used 64950K, committed 66368K, reserved 1114112K
  class space    used 6927K, committed 7552K, reserved 1048576K
}
Event: 102.917 GC heap after
{Heap after GC invocations=69 (full 3):
 PSYoungGen      total 7680K, used 352K [0x00000000d5580000, 0x00000000d5e00000, 0x0000000100000000)
  eden space 7168K, 0% used [0x00000000d5580000,0x00000000d5580000,0x00000000d5c80000)
  from space 512K, 68% used [0x00000000d5d80000,0x00000000d5dd8000,0x00000000d5e00000)
  to   space 512K, 0% used [0x00000000d5d00000,0x00000000d5d00000,0x00000000d5d80000)
 ParOldGen       total 68608K, used 66240K [0x0000000080000000, 0x0000000084300000, 0x00000000d5580000)
  object space 68608K, 96% used [0x0000000080000000,0x00000000840b0150,0x0000000084300000)
 Metaspace       used 64950K, committed 66368K, reserved 1114112K
  class space    used 6927K, committed 7552K, reserved 1048576K
}
Event: 104.798 GC heap before
{Heap before GC invocations=70 (full 3):
 PSYoungGen      total 7680K, used 7520K [0x00000000d5580000, 0x00000000d5e00000, 0x0000000100000000)
  eden space 7168K, 100% used [0x00000000d5580000,0x00000000d5c80000,0x00000000d5c80000)
  from space 512K, 68% used [0x00000000d5d80000,0x00000000d5dd8000,0x00000000d5e00000)
  to   space 512K, 0% used [0x00000000d5d00000,0x00000000d5d00000,0x00000000d5d80000)
 ParOldGen       total 68608K, used 66240K [0x0000000080000000, 0x0000000084300000, 0x00000000d5580000)
  object space 68608K, 96% used [0x0000000080000000,0x00000000840b0150,0x0000000084300000)
 Metaspace       used 65029K, committed 66432K, reserved 1114112K
  class space    used 6928K, committed 7552K, reserved 1048576K
}
Event: 104.800 GC heap after
{Heap after GC invocations=70 (full 3):
 PSYoungGen      total 7680K, used 512K [0x00000000d5580000, 0x00000000d5e80000, 0x0000000100000000)
  eden space 7168K, 0% used [0x00000000d5580000,0x00000000d5580000,0x00000000d5c80000)
  from space 512K, 100% used [0x00000000d5d00000,0x00000000d5d80000,0x00000000d5d80000)
  to   space 1024K, 0% used [0x00000000d5d80000,0x00000000d5d80000,0x00000000d5e80000)
 ParOldGen       total 68608K, used 66528K [0x0000000080000000, 0x0000000084300000, 0x00000000d5580000)
  object space 68608K, 96% used [0x0000000080000000,0x00000000840f8150,0x0000000084300000)
 Metaspace       used 65029K, committed 66432K, reserved 1114112K
  class space    used 6928K, committed 7552K, reserved 1048576K
}
Event: 106.842 GC heap before
{Heap before GC invocations=71 (full 3):
 PSYoungGen      total 7680K, used 7680K [0x00000000d5580000, 0x00000000d5e80000, 0x0000000100000000)
  eden space 7168K, 100% used [0x00000000d5580000,0x00000000d5c80000,0x00000000d5c80000)
  from space 512K, 100% used [0x00000000d5d00000,0x00000000d5d80000,0x00000000d5d80000)
  to   space 1024K, 0% used [0x00000000d5d80000,0x00000000d5d80000,0x00000000d5e80000)
 ParOldGen       total 68608K, used 66528K [0x0000000080000000, 0x0000000084300000, 0x00000000d5580000)
  object space 68608K, 96% used [0x0000000080000000,0x00000000840f8150,0x0000000084300000)
 Metaspace       used 65040K, committed 66432K, reserved 1114112K
  class space    used 6928K, committed 7552K, reserved 1048576K
}
Event: 106.845 GC heap after
{Heap after GC invocations=71 (full 3):
 PSYoungGen      total 8192K, used 512K [0x00000000d5580000, 0x00000000d5e80000, 0x0000000100000000)
  eden space 7168K, 0% used [0x00000000d5580000,0x00000000d5580000,0x00000000d5c80000)
  from space 1024K, 50% used [0x00000000d5d80000,0x00000000d5e00000,0x00000000d5e80000)
  to   space 1024K, 0% used [0x00000000d5c80000,0x00000000d5c80000,0x00000000d5d80000)
 ParOldGen       total 68608K, used 66832K [0x0000000080000000, 0x0000000084300000, 0x00000000d5580000)
  object space 68608K, 97% used [0x0000000080000000,0x0000000084144150,0x0000000084300000)
 Metaspace       used 65040K, committed 66432K, reserved 1114112K
  class space    used 6928K, committed 7552K, reserved 1048576K
}

